2026-06-16 09:15:04 - **** Job starts ****
Job id: 41454295
Hostname: r001

Currently Loaded Modules:
  1) anaconda3/2024.10-1

 

2026-06-16 09:15:05 - **** Loading mamba environment ****
2026-06-16 09:15:06 - **** Donor-aware pericyte-state statistics ****
cells: 11680  donors: 194 
stable states:

   0    1    2    3    4    5 
5864 3630 1396  457  220  113 
programs:

 activated_migratory      fibroblast_like vascular_stabilizing 
                 220                 4200                 7260 

        COPD Fibrotic_ILD      Healthy        Other 
          41         2516         7262         1861 
Warning messages:
1: Removed 750 rows containing non-finite outside the scale range
(`stat_boxplot()`). 
2: Removed 750 rows containing missing values or values outside the scale range
(`geom_point()`). 
3: Removed 750 rows containing non-finite outside the scale range
(`stat_boxplot()`). 
4: Removed 750 rows containing missing values or values outside the scale range
(`geom_point()`). 
Warning messages:
1: Removed 375 rows containing non-finite outside the scale range
(`stat_boxplot()`). 
2: Removed 375 rows containing missing values or values outside the scale range
(`geom_point()`). 
3: Removed 375 rows containing non-finite outside the scale range
(`stat_boxplot()`). 
4: Removed 375 rows containing missing values or values outside the scale range
(`geom_point()`). 

Reproducibility information:
[1] "2026-06-16 09:15:32 EDT"
   user  system elapsed 
  7.839   0.375  26.193 
- Session info -------------------------------------------------------------------------------------------------------
 setting  value
 version  R version 4.4.3 (2025-02-28)
 os       Red Hat Enterprise Linux 8.10 (Ootpa)
 system   x86_64, linux-gnu
 ui       X11
 language (EN)
 collate  C
 ctype    C
 tz       America/New_York
 date     2026-06-16
 pandoc   3.6.4 @ /ocean/projects/bio250020p/shared/opt/env/R_env/bin/pandoc
 quarto   NA

- Packages -----------------------------------------------------------------------------------------------------------
 package      * version    date (UTC) lib source
 abind          1.4-8      2024-09-12 [1] CRAN (R 4.4.3)
 backports      1.5.0      2024-05-23 [1] CRAN (R 4.4.3)
 boot           1.3-32     2025-08-29 [1] CRAN (R 4.4.3)
 broom          1.0.10     2025-09-13 [1] CRAN (R 4.4.3)
 car            3.1-3      2024-09-27 [1] CRAN (R 4.4.3)
 carData        3.0-5      2022-01-06 [1] CRAN (R 4.4.3)
 cli            3.6.5      2025-04-23 [1] CRAN (R 4.4.3)
 coda           0.19-4.1   2024-01-31 [1] CRAN (R 4.4.3)
 data.table     1.17.8     2025-07-10 [1] CRAN (R 4.4.3)
 dplyr        * 1.1.4      2023-11-17 [1] CRAN (R 4.4.1)
 emmeans      * 2.0.1      2025-12-16 [1] CRAN (R 4.4.3)
 estimability   1.5.1      2024-05-12 [1] CRAN (R 4.4.3)
 farver         2.1.2      2024-05-13 [1] CRAN (R 4.4.1)
 Formula        1.2-5      2023-02-24 [1] CRAN (R 4.4.3)
 generics       0.1.4      2025-05-09 [1] CRAN (R 4.4.3)
 ggplot2      * 4.0.0      2025-09-11 [1] CRAN (R 4.4.3)
 ggpubr       * 0.6.2      2025-10-17 [1] CRAN (R 4.4.3)
 ggsci          4.1.0      2025-10-25 [1] CRAN (R 4.4.3)
 ggsignif       0.6.4      2022-10-13 [1] CRAN (R 4.4.3)
 glue           1.8.0      2024-09-30 [1] CRAN (R 4.4.1)
 gtable         0.3.6      2024-10-25 [1] CRAN (R 4.4.1)
 labeling       0.4.3      2023-08-29 [1] CRAN (R 4.4.1)
 lattice        0.22-7     2025-04-02 [1] CRAN (R 4.4.3)
 lifecycle      1.0.4      2023-11-07 [1] CRAN (R 4.4.1)
 lme4         * 1.1-37     2025-03-26 [1] CRAN (R 4.4.3)
 lmerTest     * 3.2-0      2026-01-13 [1] CRAN (R 4.4.3)
 magrittr       2.0.4      2025-09-12 [1] CRAN (R 4.4.3)
 MASS           7.3-65     2025-02-28 [1] CRAN (R 4.4.3)
 Matrix       * 1.7-4      2025-08-28 [1] CRAN (R 4.4.3)
 minqa          1.2.8      2024-08-17 [1] CRAN (R 4.4.3)
 mvtnorm        1.3-3      2025-01-10 [1] CRAN (R 4.4.3)
 nlme           3.1-168    2025-03-31 [1] CRAN (R 4.4.3)
 nloptr         2.2.1      2025-03-17 [1] CRAN (R 4.4.3)
 numDeriv       2016.8-1.1 2019-06-06 [1] CRAN (R 4.4.1)
 pbkrtest       0.5.5      2025-07-18 [1] CRAN (R 4.4.3)
 pillar         1.11.1     2025-09-17 [1] CRAN (R 4.4.3)
 pkgconfig      2.0.3      2019-09-22 [1] CRAN (R 4.4.1)
 purrr          1.1.0      2025-07-10 [1] CRAN (R 4.4.3)
 R.methodsS3    1.8.2      2022-06-13 [1] CRAN (R 4.4.3)
 R.oo           1.27.1     2025-05-02 [1] CRAN (R 4.4.3)
 R.utils        2.13.0     2025-02-24 [1] CRAN (R 4.4.3)
 R6             2.6.1      2025-02-15 [1] CRAN (R 4.4.2)
 ragg           1.5.0      2025-09-02 [1] CRAN (R 4.4.3)
 rbibutils      2.3        2024-10-04 [1] CRAN (R 4.4.3)
 RColorBrewer   1.1-3      2022-04-03 [1] CRAN (R 4.4.1)
 Rcpp           1.1.0      2025-07-02 [1] CRAN (R 4.4.3)
 Rdpack         2.6.4      2025-04-09 [1] CRAN (R 4.4.3)
 reformulas     0.4.2      2025-10-28 [1] CRAN (R 4.4.3)
 rlang        * 1.1.6      2025-04-11 [1] CRAN (R 4.4.3)
 rstatix        0.7.3      2025-10-18 [1] CRAN (R 4.4.3)
 S7             0.2.0      2024-11-07 [1] CRAN (R 4.4.3)
 scales         1.4.0      2025-04-24 [1] CRAN (R 4.4.3)
 sessioninfo    1.2.3      2025-02-05 [1] CRAN (R 4.4.3)
 systemfonts    1.3.1      2025-10-01 [1] CRAN (R 4.4.3)
 textshaping    1.0.4      2025-10-10 [1] CRAN (R 4.4.3)
 tibble         3.3.0      2025-06-08 [1] CRAN (R 4.4.3)
 tidyr        * 1.3.1      2024-01-24 [1] CRAN (R 4.4.1)
 tidyselect     1.2.1      2024-03-11 [1] CRAN (R 4.4.1)
 vctrs          0.6.5      2023-12-01 [1] CRAN (R 4.4.1)
 withr          3.0.2      2024-10-28 [1] CRAN (R 4.4.1)
 xtable         1.8-4      2019-04-21 [1] CRAN (R 4.4.1)

 [1] /ocean/projects/bio250020p/shared/opt/env/R_env/lib/R/library
 * -- Packages attached to the search path.

----------------------------------------------------------------------------------------------------------------------
2026-06-16 09:15:36 - **** Job ends ****
