2026-07-21 22:11:34 - **** Job starts ****
Job id: 42501987
Hostname: r306

Currently Loaded Modules:
  1) anaconda3/2024.10-1

 

2026-07-21 22:11:35 - **** Loading mamba environment ****
2026-07-21 22:11:36 - **** Build CCC niche from full disease object ****
2026-07-21 22:13:52,568 [INFO] Opening backed AnnData (obs-only subset first)...
2026-07-21 22:14:49,567 [INFO] Niche cells: 976974 / 2282447
2026-07-21 22:14:53,410 [INFO] After capping 300/group/donor: 423007 cells
2026-07-21 22:20:46,816 [INFO] pericyte state_program matched 8347/11680 state cells onto niche barcodes
... storing 'pericyte_program' as categorical
2026-07-21 22:21:07,051 [INFO] Wrote niche: (423007, 55329)
-----
anndata             0.11.4
numpy               2.1.3
pandas              2.3.2
scanpy              1.11.4
scipy               1.15.3
session_info        v1.0.1
-----
Python 3.10.18 | packaged by conda-forge | (main, Jun  4 2025, 14:45:41) [GCC 13.3.0]
Linux-4.18.0-553.22.1.el8_10.x86_64-x86_64-with-glibc2.28
-----
Session information updated at 2026-07-21 22:21
2026-07-21 22:21:23 - **** Job ends ****
