2026-07-23 08:32:30 - **** Job starts ****
Job id: 42554446
Hostname: r354

Currently Loaded Modules:
  1) anaconda3/2024.10-1

 

2026-07-23 08:32:31 - **** program x category enrichment ****
2026-07-23 08:34:55,885 [INFO] dominant-program cell counts:
basement_membrane        2878
synthetic_contractile    1960
vascular_stabilizing     1859
inflammatory             1668
fibroblast_like          1665
activated_migratory      1650
2026-07-23 08:34:55,885 [INFO] markers present: 34/34
2026-07-23 08:34:56,689 [INFO] wrote program_category_enrichment.tsv (48 rows) and gene_program_detection.tsv (238 rows)
-----
numpy               2.1.3
pandas              2.3.2
scanpy              1.11.4
scipy               1.15.3
session_info        v1.0.1
-----
Python 3.10.18 | packaged by conda-forge | (main, Jun  4 2025, 14:45:41) [GCC 13.3.0]
Linux-4.18.0-553.22.1.el8_10.x86_64-x86_64-with-glibc2.28
-----
Session information updated at 2026-07-23 08:34
2026-07-23 08:35:11 - **** Job ends ****
