2026-06-16 15:19:16 - **** Job starts ****
Job id: 41462069

Currently Loaded Modules:
  1) anaconda3/2024.10-1

 

2026-06-16 15:19:30 - **** Confounder sensitivity analyses ****

Reproducibility information:
[1] "2026-06-16 15:19:39 EDT"
- Session info -------------------------------------------------------------------------------------------------------
 setting  value
 version  R version 4.4.3 (2025-02-28)
 os       Red Hat Enterprise Linux 8.10 (Ootpa)
 system   x86_64, linux-gnu
 ui       X11
 language (EN)
 collate  C
 ctype    C
 tz       America/New_York
 date     2026-06-16
 pandoc   3.6.4 @ /ocean/projects/bio250020p/shared/opt/env/R_env/bin/pandoc
 quarto   NA

- Packages -----------------------------------------------------------------------------------------------------------
 package      * version  date (UTC) lib source
 cli            3.6.5    2025-04-23 [1] CRAN (R 4.4.3)
 coda           0.19-4.1 2024-01-31 [1] CRAN (R 4.4.3)
 data.table     1.17.8   2025-07-10 [1] CRAN (R 4.4.3)
 dplyr        * 1.1.4    2023-11-17 [1] CRAN (R 4.4.1)
 emmeans      * 2.0.1    2025-12-16 [1] CRAN (R 4.4.3)
 estimability   1.5.1    2024-05-12 [1] CRAN (R 4.4.3)
 generics       0.1.4    2025-05-09 [1] CRAN (R 4.4.3)
 glue           1.8.0    2024-09-30 [1] CRAN (R 4.4.1)
 lattice        0.22-7   2025-04-02 [1] CRAN (R 4.4.3)
 lifecycle      1.0.4    2023-11-07 [1] CRAN (R 4.4.1)
 magrittr       2.0.4    2025-09-12 [1] CRAN (R 4.4.3)
 mvtnorm        1.3-3    2025-01-10 [1] CRAN (R 4.4.3)
 pillar         1.11.1   2025-09-17 [1] CRAN (R 4.4.3)
 pkgconfig      2.0.3    2019-09-22 [1] CRAN (R 4.4.1)
 purrr          1.1.0    2025-07-10 [1] CRAN (R 4.4.3)
 R.methodsS3    1.8.2    2022-06-13 [1] CRAN (R 4.4.3)
 R.oo           1.27.1   2025-05-02 [1] CRAN (R 4.4.3)
 R.utils        2.13.0   2025-02-24 [1] CRAN (R 4.4.3)
 R6             2.6.1    2025-02-15 [1] CRAN (R 4.4.2)
 rlang          1.1.6    2025-04-11 [1] CRAN (R 4.4.3)
 sessioninfo    1.2.3    2025-02-05 [1] CRAN (R 4.4.3)
 tibble         3.3.0    2025-06-08 [1] CRAN (R 4.4.3)
 tidyr        * 1.3.1    2024-01-24 [1] CRAN (R 4.4.1)
 tidyselect     1.2.1    2024-03-11 [1] CRAN (R 4.4.1)
 vctrs          0.6.5    2023-12-01 [1] CRAN (R 4.4.1)
 withr          3.0.2    2024-10-28 [1] CRAN (R 4.4.1)
 xtable         1.8-4    2019-04-21 [1] CRAN (R 4.4.1)

 [1] /ocean/projects/bio250020p/shared/opt/env/R_env/lib/R/library
 * -- Packages attached to the search path.

----------------------------------------------------------------------------------------------------------------------
2026-06-16 15:19:43 - **** Job ends ****
