2026-07-23 09:01:35 - **** Job starts ****
Job id: 42554792

Currently Loaded Modules:
  1) anaconda3/2024.10-1

 

2026-07-23 09:01:36 - **** Export pericyte UMAP coords (scRNA_env) ****
2026-07-23 09:01:42,355 [INFO] wrote pericyte_umap_coords.tsv.gz (11680 cells, cols=['barcode', 'UMAP1', 'UMAP2'])
-----
pandas              2.3.2
scanpy              1.11.4
session_info        v1.0.1
-----
Python 3.10.18 | packaged by conda-forge | (main, Jun  4 2025, 14:45:41) [GCC 13.3.0]
Linux-4.18.0-553.22.1.el8_10.x86_64-x86_64-with-glibc2.28
-----
Session information updated at 2026-07-23 09:01
2026-07-23 09:01:44 - **** Integrated pericyte-layer figure (main + supplement) ****
pericyte-layer figures written to /ocean/projects/bio260021p/kbenjamin/projects/angiotensinII_lung/figures/mechanism 
- Session info ---------------------------------------------------------------
 setting  value
 version  R version 4.4.3 (2025-02-28)
 os       Red Hat Enterprise Linux 8.10 (Ootpa)
 system   x86_64, linux-gnu
 ui       X11
 language (EN)
 collate  C
 ctype    C
 tz       America/New_York
 date     2026-07-23
 pandoc   3.6.4 @ /ocean/projects/bio250020p/shared/opt/env/R_env/bin/pandoc
 quarto   NA

- Packages -------------------------------------------------------------------
 package      * version date (UTC) lib source
 cli            3.6.5   2025-04-23 [1] CRAN (R 4.4.3)
 data.table   * 1.17.8  2025-07-10 [1] CRAN (R 4.4.3)
 dplyr        * 1.1.4   2023-11-17 [1] CRAN (R 4.4.1)
 farver         2.1.2   2024-05-13 [1] CRAN (R 4.4.1)
 generics       0.1.4   2025-05-09 [1] CRAN (R 4.4.3)
 ggplot2      * 4.0.0   2025-09-11 [1] CRAN (R 4.4.3)
 glue           1.8.0   2024-09-30 [1] CRAN (R 4.4.1)
 gtable         0.3.6   2024-10-25 [1] CRAN (R 4.4.1)
 labeling       0.4.3   2023-08-29 [1] CRAN (R 4.4.1)
 lifecycle      1.0.4   2023-11-07 [1] CRAN (R 4.4.1)
 magrittr       2.0.4   2025-09-12 [1] CRAN (R 4.4.3)
 patchwork    * 1.3.2   2025-08-25 [1] CRAN (R 4.4.3)
 pillar         1.11.1  2025-09-17 [1] CRAN (R 4.4.3)
 pkgconfig      2.0.3   2019-09-22 [1] CRAN (R 4.4.1)
 purrr          1.1.0   2025-07-10 [1] CRAN (R 4.4.3)
 R.methodsS3    1.8.2   2022-06-13 [1] CRAN (R 4.4.3)
 R.oo           1.27.1  2025-05-02 [1] CRAN (R 4.4.3)
 R.utils        2.13.0  2025-02-24 [1] CRAN (R 4.4.3)
 R6             2.6.1   2025-02-15 [1] CRAN (R 4.4.2)
 ragg           1.5.0   2025-09-02 [1] CRAN (R 4.4.3)
 RColorBrewer   1.1-3   2022-04-03 [1] CRAN (R 4.4.1)
 rlang          1.1.6   2025-04-11 [1] CRAN (R 4.4.3)
 S7             0.2.0   2024-11-07 [1] CRAN (R 4.4.3)
 scales         1.4.0   2025-04-24 [1] CRAN (R 4.4.3)
 sessioninfo    1.2.3   2025-02-05 [1] CRAN (R 4.4.3)
 svglite        2.2.2   2025-10-21 [1] CRAN (R 4.4.3)
 systemfonts    1.3.1   2025-10-01 [1] CRAN (R 4.4.3)
 textshaping    1.0.4   2025-10-10 [1] CRAN (R 4.4.3)
 tibble         3.3.0   2025-06-08 [1] CRAN (R 4.4.3)
 tidyr        * 1.3.1   2024-01-24 [1] CRAN (R 4.4.1)
 tidyselect     1.2.1   2024-03-11 [1] CRAN (R 4.4.1)
 vctrs          0.6.5   2023-12-01 [1] CRAN (R 4.4.1)
 viridisLite    0.4.2   2023-05-02 [1] CRAN (R 4.4.1)
 withr          3.0.2   2024-10-28 [1] CRAN (R 4.4.1)

 [1] /ocean/projects/bio250020p/shared/opt/env/R_env/lib/R/library
 * -- Packages attached to the search path.

------------------------------------------------------------------------------
2026-07-23 09:02:00 - **** Supplementary sensitivity/robustness figure ****
Warning message:
`geom_errobarh()` was deprecated in ggplot2 4.0.0.
i Please use the `orientation` argument of `geom_errorbar()` instead. 
`height` was translated to `width`.
`height` was translated to `width`.
`height` was translated to `width`.
Wrote figureS_sensitivity to /ocean/projects/bio260021p/kbenjamin/projects/angiotensinII_lung/figures/mechanism 

Reproducibility information:
- Session info ---------------------------------------------------------------
 setting  value
 version  R version 4.4.3 (2025-02-28)
 os       Red Hat Enterprise Linux 8.10 (Ootpa)
 system   x86_64, linux-gnu
 ui       X11
 language (EN)
 collate  C
 ctype    C
 tz       America/New_York
 date     2026-07-23
 pandoc   3.6.4 @ /ocean/projects/bio250020p/shared/opt/env/R_env/bin/pandoc
 quarto   NA

- Packages -------------------------------------------------------------------
 package      * version date (UTC) lib source
 cli            3.6.5   2025-04-23 [1] CRAN (R 4.4.3)
 data.table   * 1.17.8  2025-07-10 [1] CRAN (R 4.4.3)
 dplyr        * 1.1.4   2023-11-17 [1] CRAN (R 4.4.1)
 farver         2.1.2   2024-05-13 [1] CRAN (R 4.4.1)
 generics       0.1.4   2025-05-09 [1] CRAN (R 4.4.3)
 ggplot2      * 4.0.0   2025-09-11 [1] CRAN (R 4.4.3)
 glue           1.8.0   2024-09-30 [1] CRAN (R 4.4.1)
 gtable         0.3.6   2024-10-25 [1] CRAN (R 4.4.1)
 labeling       0.4.3   2023-08-29 [1] CRAN (R 4.4.1)
 lifecycle      1.0.4   2023-11-07 [1] CRAN (R 4.4.1)
 magrittr       2.0.4   2025-09-12 [1] CRAN (R 4.4.3)
 patchwork    * 1.3.2   2025-08-25 [1] CRAN (R 4.4.3)
 pillar         1.11.1  2025-09-17 [1] CRAN (R 4.4.3)
 pkgconfig      2.0.3   2019-09-22 [1] CRAN (R 4.4.1)
 purrr          1.1.0   2025-07-10 [1] CRAN (R 4.4.3)
 R6             2.6.1   2025-02-15 [1] CRAN (R 4.4.2)
 ragg           1.5.0   2025-09-02 [1] CRAN (R 4.4.3)
 RColorBrewer   1.1-3   2022-04-03 [1] CRAN (R 4.4.1)
 rlang          1.1.6   2025-04-11 [1] CRAN (R 4.4.3)
 S7             0.2.0   2024-11-07 [1] CRAN (R 4.4.3)
 scales         1.4.0   2025-04-24 [1] CRAN (R 4.4.3)
 sessioninfo    1.2.3   2025-02-05 [1] CRAN (R 4.4.3)
 svglite        2.2.2   2025-10-21 [1] CRAN (R 4.4.3)
 systemfonts    1.3.1   2025-10-01 [1] CRAN (R 4.4.3)
 textshaping    1.0.4   2025-10-10 [1] CRAN (R 4.4.3)
 tibble         3.3.0   2025-06-08 [1] CRAN (R 4.4.3)
 tidyr        * 1.3.1   2024-01-24 [1] CRAN (R 4.4.1)
 tidyselect     1.2.1   2024-03-11 [1] CRAN (R 4.4.1)
 vctrs          0.6.5   2023-12-01 [1] CRAN (R 4.4.1)
 withr          3.0.2   2024-10-28 [1] CRAN (R 4.4.1)

 [1] /ocean/projects/bio250020p/shared/opt/env/R_env/lib/R/library
 * -- Packages attached to the search path.

------------------------------------------------------------------------------
2026-07-23 09:02:07 - **** Panel manifest ****
Panels present: 10 / 10 
# A tibble: 10 x 3
   figure panel                                 exists
   <chr>  <chr>                                 <lgl> 
 1 A      liana edges -> pericytes              TRUE  
 2 A      liana edges -> AGTR2-det AT2          TRUE  
 3 A      NicheNet ligand->target (pericyte)    TRUE  
 4 A      alluvial cluster->category->role      TRUE  
 5 B      state UMAP                            TRUE  
 6 B      DPT pseudotime UMAP                   TRUE  
 7 B      PAGA states                           TRUE  
 8 Supp   AT1R/AT2R balance by disease          TRUE  
 9 Supp   smoking + cohort robustness           TRUE  
10 Supp   mouse Agtr1a compartment (raw counts) TRUE  
2026-07-23 09:02:09 - **** Manuscript figures (main + CCC/NicheNet + supplements) ****
`height` was translated to `width`.
`height` was translated to `width`.
`height` was translated to `width`.
Warning message:
`geom_errobarh()` was deprecated in ggplot2 4.0.0.
i Please use the `orientation` argument of `geom_errorbar()` instead. 
Warning message:
In left_join(., prog_eff %>% select(program, eff, share), by = "program") :
  Detected an unexpected many-to-many relationship between `x` and `y`.
i Row 1 of `x` matches multiple rows in `y`.
i Row 13 of `y` matches multiple rows in `x`.
i If a many-to-many relationship is expected, set `relationship =
  "many-to-many"` to silence this warning.
Wrote manuscript figures to /ocean/projects/bio260021p/kbenjamin/projects/angiotensinII_lung/figures/mechanism 
 [1] "figureB_states_continuum_niche.pdf" "figureS_acta2_control.pdf"         
 [3] "figureS_acta2_control.svg"          "figureS_alluvial.pdf"              
 [5] "figureS_alluvial.svg"               "figureS_balance_by_state.pdf"      
 [7] "figureS_balance_by_state.svg"       "figureS_bm_copd.pdf"               
 [9] "figureS_bm_copd.svg"                "figureS_crossspecies_mouse.pdf"    
[11] "figureS_crossspecies_mouse.svg"     "figureS_pericyte_layer.pdf"        
[13] "figureS_pericyte_layer.svg"         "figureS_program_category.pdf"      
[15] "figureS_program_category.svg"       "figureS_ras_landscape.pdf"         
[17] "figureS_ras_landscape.svg"          "figureS_sensitivity.pdf"           
[19] "figureS_sensitivity.svg"            "figure_basement_membrane.pdf"      
[21] "figure_basement_membrane.svg"       "figure_ccc_nichenet.pdf"           
[23] "figure_ccc_nichenet.svg"            "figure_mechanism_main.pdf"         
[25] "figure_mechanism_main.svg"          "figure_pericyte_layer.pdf"         
[27] "figure_pericyte_layer.svg"         

Reproducibility information:
- Session info ---------------------------------------------------------------
 setting  value
 version  R version 4.4.3 (2025-02-28)
 os       Red Hat Enterprise Linux 8.10 (Ootpa)
 system   x86_64, linux-gnu
 ui       X11
 language (EN)
 collate  C
 ctype    C
 tz       America/New_York
 date     2026-07-23
 pandoc   3.6.4 @ /ocean/projects/bio250020p/shared/opt/env/R_env/bin/pandoc
 quarto   NA

- Packages -------------------------------------------------------------------
 package      * version date (UTC) lib source
 abind          1.4-8   2024-09-12 [1] CRAN (R 4.4.3)
 backports      1.5.0   2024-05-23 [1] CRAN (R 4.4.3)
 broom          1.0.10  2025-09-13 [1] CRAN (R 4.4.3)
 car            3.1-3   2024-09-27 [1] CRAN (R 4.4.3)
 carData        3.0-5   2022-01-06 [1] CRAN (R 4.4.3)
 cli            3.6.5   2025-04-23 [1] CRAN (R 4.4.3)
 data.table   * 1.17.8  2025-07-10 [1] CRAN (R 4.4.3)
 dplyr        * 1.1.4   2023-11-17 [1] CRAN (R 4.4.1)
 farver         2.1.2   2024-05-13 [1] CRAN (R 4.4.1)
 Formula        1.2-5   2023-02-24 [1] CRAN (R 4.4.3)
 generics       0.1.4   2025-05-09 [1] CRAN (R 4.4.3)
 ggalluvial   * 0.12.6  2026-02-22 [1] CRAN (R 4.4.3)
 ggplot2      * 4.0.0   2025-09-11 [1] CRAN (R 4.4.3)
 ggpubr       * 0.6.2   2025-10-17 [1] CRAN (R 4.4.3)
 ggsignif       0.6.4   2022-10-13 [1] CRAN (R 4.4.3)
 glue           1.8.0   2024-09-30 [1] CRAN (R 4.4.1)
 gtable         0.3.6   2024-10-25 [1] CRAN (R 4.4.1)
 labeling       0.4.3   2023-08-29 [1] CRAN (R 4.4.1)
 lifecycle      1.0.4   2023-11-07 [1] CRAN (R 4.4.1)
 magrittr       2.0.4   2025-09-12 [1] CRAN (R 4.4.3)
 patchwork    * 1.3.2   2025-08-25 [1] CRAN (R 4.4.3)
 pillar         1.11.1  2025-09-17 [1] CRAN (R 4.4.3)
 pkgconfig      2.0.3   2019-09-22 [1] CRAN (R 4.4.1)
 purrr          1.1.0   2025-07-10 [1] CRAN (R 4.4.3)
 R.methodsS3    1.8.2   2022-06-13 [1] CRAN (R 4.4.3)
 R.oo           1.27.1  2025-05-02 [1] CRAN (R 4.4.3)
 R.utils        2.13.0  2025-02-24 [1] CRAN (R 4.4.3)
 R6             2.6.1   2025-02-15 [1] CRAN (R 4.4.2)
 ragg           1.5.0   2025-09-02 [1] CRAN (R 4.4.3)
 RColorBrewer   1.1-3   2022-04-03 [1] CRAN (R 4.4.1)
 rlang          1.1.6   2025-04-11 [1] CRAN (R 4.4.3)
 rstatix        0.7.3   2025-10-18 [1] CRAN (R 4.4.3)
 S7             0.2.0   2024-11-07 [1] CRAN (R 4.4.3)
 scales         1.4.0   2025-04-24 [1] CRAN (R 4.4.3)
 sessioninfo    1.2.3   2025-02-05 [1] CRAN (R 4.4.3)
 svglite        2.2.2   2025-10-21 [1] CRAN (R 4.4.3)
 systemfonts    1.3.1   2025-10-01 [1] CRAN (R 4.4.3)
 textshaping    1.0.4   2025-10-10 [1] CRAN (R 4.4.3)
 tibble         3.3.0   2025-06-08 [1] CRAN (R 4.4.3)
 tidyr        * 1.3.1   2024-01-24 [1] CRAN (R 4.4.1)
 tidyselect     1.2.1   2024-03-11 [1] CRAN (R 4.4.1)
 vctrs          0.6.5   2023-12-01 [1] CRAN (R 4.4.1)
 viridisLite    0.4.2   2023-05-02 [1] CRAN (R 4.4.1)
 withr          3.0.2   2024-10-28 [1] CRAN (R 4.4.1)

 [1] /ocean/projects/bio250020p/shared/opt/env/R_env/lib/R/library
 * -- Packages attached to the search path.

------------------------------------------------------------------------------
2026-07-23 09:02:25 - **** Job ends ****
