Start time: Tue 10 Jun 2025 11:26:01 AM EDT
Virtual environment 'R version 4.4' activated successfully.

Attaching package: ‘dplyr’

The following objects are masked from ‘package:stats’:

    filter, lag

The following objects are masked from ‘package:base’:

    intersect, setdiff, setequal, union

Loading required package: ggplot2
Loading required package: SeuratObject
Loading required package: sp

Attaching package: ‘SeuratObject’

The following objects are masked from ‘package:base’:

    intersect, t

Loading required package: SummarizedExperiment
Loading required package: MatrixGenerics
Loading required package: matrixStats

Attaching package: ‘matrixStats’

The following object is masked from ‘package:dplyr’:

    count


Attaching package: ‘MatrixGenerics’

The following objects are masked from ‘package:matrixStats’:

    colAlls, colAnyNAs, colAnys, colAvgsPerRowSet, colCollapse,
    colCounts, colCummaxs, colCummins, colCumprods, colCumsums,
    colDiffs, colIQRDiffs, colIQRs, colLogSumExps, colMadDiffs,
    colMads, colMaxs, colMeans2, colMedians, colMins, colOrderStats,
    colProds, colQuantiles, colRanges, colRanks, colSdDiffs, colSds,
    colSums2, colTabulates, colVarDiffs, colVars, colWeightedMads,
    colWeightedMeans, colWeightedMedians, colWeightedSds,
    colWeightedVars, rowAlls, rowAnyNAs, rowAnys, rowAvgsPerColSet,
    rowCollapse, rowCounts, rowCummaxs, rowCummins, rowCumprods,
    rowCumsums, rowDiffs, rowIQRDiffs, rowIQRs, rowLogSumExps,
    rowMadDiffs, rowMads, rowMaxs, rowMeans2, rowMedians, rowMins,
    rowOrderStats, rowProds, rowQuantiles, rowRanges, rowRanks,
    rowSdDiffs, rowSds, rowSums2, rowTabulates, rowVarDiffs, rowVars,
    rowWeightedMads, rowWeightedMeans, rowWeightedMedians,
    rowWeightedSds, rowWeightedVars

Loading required package: GenomicRanges
Loading required package: stats4
Loading required package: BiocGenerics

Attaching package: ‘BiocGenerics’

The following object is masked from ‘package:SeuratObject’:

    intersect

The following objects are masked from ‘package:dplyr’:

    combine, intersect, setdiff, union

The following objects are masked from ‘package:stats’:

    IQR, mad, sd, var, xtabs

The following objects are masked from ‘package:base’:

    anyDuplicated, aperm, append, as.data.frame, basename, cbind,
    colnames, dirname, do.call, duplicated, eval, evalq, Filter, Find,
    get, grep, grepl, intersect, is.unsorted, lapply, Map, mapply,
    match, mget, order, paste, pmax, pmax.int, pmin, pmin.int,
    Position, rank, rbind, Reduce, rownames, sapply, setdiff, table,
    tapply, union, unique, unsplit, which.max, which.min

Loading required package: S4Vectors

Attaching package: ‘S4Vectors’

The following objects are masked from ‘package:dplyr’:

    first, rename

The following object is masked from ‘package:utils’:

    findMatches

The following objects are masked from ‘package:base’:

    expand.grid, I, unname

Loading required package: IRanges

Attaching package: ‘IRanges’

The following object is masked from ‘package:sp’:

    %over%

The following objects are masked from ‘package:dplyr’:

    collapse, desc, slice

Loading required package: GenomeInfoDb
Loading required package: Biobase
Welcome to Bioconductor

    Vignettes contain introductory material; view with
    'browseVignettes()'. To cite Bioconductor, see
    'citation("Biobase")', and for packages 'citation("pkgname")'.


Attaching package: ‘Biobase’

The following object is masked from ‘package:MatrixGenerics’:

    rowMedians

The following objects are masked from ‘package:matrixStats’:

    anyMissing, rowMedians


Attaching package: ‘SummarizedExperiment’

The following object is masked from ‘package:Seurat’:

    Assays

The following object is masked from ‘package:SeuratObject’:

    Assays

Warning messages:
1: `PackageCheck()` was deprecated in SeuratObject 5.0.0.
ℹ Please use `rlang::check_installed()` instead.
ℹ The deprecated feature was likely used in the Seurat package.
  Please report the issue at <https://github.com/satijalab/seurat/issues>. 
2: The `slot` argument of `GetAssayData()` is deprecated as of SeuratObject 5.0.0.
ℹ Please use the `layer` argument instead.
ℹ The deprecated feature was likely used in the Seurat package.
  Please report the issue at <https://github.com/satijalab/seurat/issues>. 
Loading required package: reshape2
  num.cells expressed.genes
1      3032             321
Warning messages:
1: glm.fit: algorithm did not converge 
2: In em(mean.vals, ncomp = 3, prop = c(zero.prop, 1 - (zero.prop +  :
  Problem in the EM algorithm: likelihood is decreasing!
3: Removed 5 rows containing missing values or values outside the scale range
(`geom_bar()`). 
Loading required package: MKmisc
[1] "2025-06-10 11:31:36 EDT"
   user  system elapsed 
342.484  11.522 333.051 
─ Session info ───────────────────────────────────────────────────────────────────────────────────────────────────────
 setting  value
 version  R version 4.4.2 (2024-10-31)
 os       Ubuntu 20.04.6 LTS
 system   x86_64, linux-gnu
 ui       X11
 language (EN)
 collate  en_US.UTF-8
 ctype    en_US.UTF-8
 tz       America/New_York
 date     2025-06-10
 pandoc   NA
 quarto   NA

─ Packages ───────────────────────────────────────────────────────────────────────────────────────────────────────────
 package              * version  date (UTC) lib source
 abind                  1.4-8    2024-09-12 [1] CRAN (R 4.4.1)
 backports              1.5.0    2024-05-23 [1] CRAN (R 4.4.1)
 Biobase              * 2.64.0   2024-04-30 [1] Bioconductor 3.19 (R 4.4.1)
 BiocGenerics         * 0.50.0   2024-04-30 [1] Bioconductor 3.19 (R 4.4.1)
 broom                  1.0.8    2025-03-28 [1] CRAN (R 4.4.2)
 car                    3.1-3    2024-09-27 [1] CRAN (R 4.4.1)
 carData                3.0-5    2022-01-06 [1] CRAN (R 4.4.1)
 cli                    3.6.5    2025-04-23 [1] CRAN (R 4.4.2)
 cluster                2.1.8.1  2025-03-12 [1] CRAN (R 4.4.2)
 codetools              0.2-20   2024-03-31 [1] CRAN (R 4.4.1)
 cowplot                1.1.3    2024-01-22 [1] CRAN (R 4.4.1)
 crayon                 1.5.3    2024-06-20 [1] CRAN (R 4.4.1)
 data.table             1.17.0   2025-02-22 [1] CRAN (R 4.4.2)
 DelayedArray           0.30.1   2024-05-07 [1] Bioconductor 3.19 (R 4.4.1)
 deldir                 2.0-4    2024-02-28 [1] CRAN (R 4.4.1)
 DEoptimR               1.1-3-1  2024-11-23 [1] CRAN (R 4.4.2)
 digest                 0.6.37   2024-08-19 [1] CRAN (R 4.4.1)
 dotCall64              1.2      2024-10-04 [1] CRAN (R 4.4.1)
 dplyr                * 1.1.4    2023-11-17 [1] CRAN (R 4.4.1)
 farver                 2.1.2    2024-05-13 [1] CRAN (R 4.4.1)
 fastDummies            1.7.5    2025-01-20 [1] CRAN (R 4.4.1)
 fastmap                1.2.0    2024-05-15 [1] CRAN (R 4.4.1)
 fitdistrplus           1.2-2    2025-01-07 [1] CRAN (R 4.4.1)
 Formula                1.2-5    2023-02-24 [1] CRAN (R 4.4.1)
 future                 1.40.0   2025-04-10 [1] CRAN (R 4.4.2)
 future.apply           1.11.3   2024-10-27 [1] CRAN (R 4.4.1)
 generics               0.1.3    2022-07-05 [1] CRAN (R 4.4.1)
 GenomeInfoDb         * 1.40.1   2024-05-24 [1] Bioconductor 3.19 (R 4.4.1)
 GenomeInfoDbData       1.2.12   2024-09-25 [1] Bioconductor
 GenomicRanges        * 1.56.2   2024-10-09 [1] Bioconductor 3.19 (R 4.4.1)
 ggplot2              * 3.5.2    2025-04-09 [1] CRAN (R 4.4.2)
 ggpubr               * 0.6.0    2023-02-10 [1] CRAN (R 4.4.1)
 ggrepel                0.9.6    2024-09-07 [1] CRAN (R 4.4.1)
 ggridges               0.5.6    2024-01-23 [1] CRAN (R 4.4.1)
 ggsignif               0.6.4    2022-10-13 [1] CRAN (R 4.4.1)
 globals                0.17.0   2025-04-16 [1] CRAN (R 4.4.2)
 glue                   1.8.0    2024-09-30 [1] CRAN (R 4.4.1)
 goftest                1.2-3    2021-10-07 [1] CRAN (R 4.4.1)
 gridExtra              2.3      2017-09-09 [1] CRAN (R 4.4.1)
 gtable                 0.3.6    2024-10-25 [1] CRAN (R 4.4.1)
 htmltools              0.5.8.1  2024-04-04 [1] CRAN (R 4.4.1)
 htmlwidgets            1.6.4    2023-12-06 [1] CRAN (R 4.4.1)
 httpuv                 1.6.16   2025-04-16 [1] CRAN (R 4.4.2)
 httr                   1.4.7    2023-08-15 [1] CRAN (R 4.4.1)
 ica                    1.0-3    2022-07-08 [1] CRAN (R 4.4.1)
 igraph                 2.1.4    2025-01-23 [1] CRAN (R 4.4.1)
 IRanges              * 2.38.1   2024-07-03 [1] Bioconductor 3.19 (R 4.4.1)
 irlba                  2.3.5.1  2022-10-03 [1] CRAN (R 4.4.1)
 jsonlite               2.0.0    2025-03-27 [1] CRAN (R 4.4.2)
 KernSmooth             2.23-26  2025-01-01 [1] CRAN (R 4.4.1)
 labeling               0.4.3    2023-08-29 [1] CRAN (R 4.4.1)
 later                  1.4.2    2025-04-08 [1] CRAN (R 4.4.2)
 lattice                0.22-7   2025-04-02 [1] CRAN (R 4.4.2)
 lazyeval               0.2.2    2019-03-15 [1] CRAN (R 4.4.1)
 lifecycle              1.0.4    2023-11-07 [1] CRAN (R 4.4.1)
 limma                  3.60.6   2024-10-02 [1] Bioconductor 3.19 (R 4.4.1)
 listenv                0.9.1    2024-01-29 [1] CRAN (R 4.4.1)
 lmtest                 0.9-40   2022-03-21 [1] CRAN (R 4.4.1)
 magrittr               2.0.3    2022-03-30 [1] CRAN (R 4.4.1)
 MASS                   7.3-65   2025-02-28 [1] CRAN (R 4.4.2)
 Matrix                 1.7-3    2025-03-11 [1] CRAN (R 4.4.2)
 MatrixGenerics       * 1.16.0   2024-04-30 [1] Bioconductor 3.19 (R 4.4.1)
 matrixStats          * 1.5.0    2025-01-07 [1] CRAN (R 4.4.1)
 mime                   0.13     2025-03-17 [1] CRAN (R 4.4.2)
 miniUI                 0.1.2    2025-04-17 [1] CRAN (R 4.4.2)
 MKmisc               * 1.9      2022-11-19 [1] CRAN (R 4.4.2)
 nlme                   3.1-168  2025-03-31 [1] CRAN (R 4.4.2)
 parallelly             1.43.0   2025-03-24 [1] CRAN (R 4.4.2)
 patchwork              1.3.0    2024-09-16 [1] CRAN (R 4.4.1)
 pbapply                1.7-2    2023-06-27 [1] CRAN (R 4.4.1)
 pillar                 1.10.2   2025-04-05 [1] CRAN (R 4.4.2)
 pkgconfig              2.0.3    2019-09-22 [1] CRAN (R 4.4.1)
 plotly                 4.10.4   2024-01-13 [1] CRAN (R 4.4.1)
 plyr                   1.8.9    2023-10-02 [1] CRAN (R 4.4.1)
 png                    0.1-8    2022-11-29 [1] CRAN (R 4.4.1)
 polyclip               1.10-7   2024-07-23 [1] CRAN (R 4.4.1)
 progressr              0.15.1   2024-11-22 [1] CRAN (R 4.4.1)
 promises               1.3.2    2024-11-28 [1] CRAN (R 4.4.1)
 purrr                  1.0.4    2025-02-05 [1] CRAN (R 4.4.1)
 R6                     2.6.1    2025-02-15 [1] CRAN (R 4.4.2)
 ragg                   1.4.0    2025-04-10 [1] CRAN (R 4.4.2)
 RANN                   2.6.2    2024-08-25 [1] CRAN (R 4.4.1)
 RColorBrewer           1.1-3    2022-04-03 [1] CRAN (R 4.4.1)
 Rcpp                   1.0.14   2025-01-12 [1] CRAN (R 4.4.1)
 RcppAnnoy              0.0.22   2024-01-23 [1] CRAN (R 4.4.1)
 RcppHNSW               0.6.0    2024-02-04 [1] CRAN (R 4.4.1)
 reshape2             * 1.4.4    2020-04-09 [1] CRAN (R 4.4.1)
 reticulate             1.42.0   2025-03-25 [1] CRAN (R 4.4.2)
 rlang                  1.1.6    2025-04-11 [1] CRAN (R 4.4.2)
 robustbase             0.99-4-1 2024-09-27 [1] CRAN (R 4.4.2)
 ROCR                   1.0-11   2020-05-02 [1] CRAN (R 4.4.1)
 RSpectra               0.16-2   2024-07-18 [1] CRAN (R 4.4.1)
 rstatix                0.7.2    2023-02-01 [1] CRAN (R 4.4.1)
 Rtsne                  0.17     2023-12-07 [1] CRAN (R 4.4.1)
 S4Arrays               1.4.1    2024-05-20 [1] Bioconductor 3.19 (R 4.4.1)
 S4Vectors            * 0.42.1   2024-07-03 [1] Bioconductor 3.19 (R 4.4.1)
 scales                 1.4.0    2025-04-24 [1] CRAN (R 4.4.2)
 scattermore            1.2      2023-06-12 [1] CRAN (R 4.4.1)
 scPower              * 1.0.4    2025-06-09 [1] Github (heiniglab/scPower@82039da)
 sctransform            0.4.1    2023-10-19 [1] CRAN (R 4.4.1)
 sessioninfo            1.2.3    2025-02-05 [1] CRAN (R 4.4.1)
 Seurat               * 5.3.0    2025-04-23 [1] CRAN (R 4.4.2)
 SeuratObject         * 5.1.0    2025-04-22 [1] CRAN (R 4.4.2)
 shiny                  1.10.0   2024-12-14 [1] CRAN (R 4.4.1)
 SingleCellExperiment * 1.26.0   2024-04-30 [1] Bioconductor 3.19 (R 4.4.1)
 sp                   * 2.2-0    2025-02-01 [1] CRAN (R 4.4.1)
 spam                   2.11-1   2025-01-20 [1] CRAN (R 4.4.1)
 SparseArray            1.4.8    2024-05-24 [1] Bioconductor 3.19 (R 4.4.1)
 spatstat.data          3.1-6    2025-03-17 [1] CRAN (R 4.4.2)
 spatstat.explore       3.4-2    2025-03-21 [1] CRAN (R 4.4.2)
 spatstat.geom          3.3-6    2025-03-18 [1] CRAN (R 4.4.2)
 spatstat.random        3.3-3    2025-03-19 [1] CRAN (R 4.4.2)
 spatstat.sparse        3.1-0    2024-06-21 [1] CRAN (R 4.4.1)
 spatstat.univar        3.1-2    2025-03-05 [1] CRAN (R 4.4.2)
 spatstat.utils         3.1-3    2025-03-15 [1] CRAN (R 4.4.2)
 statmod                1.5.0    2023-01-06 [1] CRAN (R 4.4.1)
 stringi                1.8.7    2025-03-27 [1] CRAN (R 4.4.2)
 stringr                1.5.1    2023-11-14 [1] CRAN (R 4.4.1)
 SummarizedExperiment * 1.34.0   2024-05-01 [1] Bioconductor 3.19 (R 4.4.1)
 survival               3.8-3    2024-12-17 [1] CRAN (R 4.4.1)
 systemfonts            1.2.2    2025-04-04 [1] CRAN (R 4.4.2)
 tensor                 1.5      2012-05-05 [1] CRAN (R 4.4.1)
 textshaping            1.0.0    2025-01-20 [1] CRAN (R 4.4.1)
 tibble                 3.2.1    2023-03-20 [1] CRAN (R 4.4.1)
 tidyr                  1.3.1    2024-01-24 [1] CRAN (R 4.4.1)
 tidyselect             1.2.1    2024-03-11 [1] CRAN (R 4.4.1)
 UCSC.utils             1.0.0    2024-04-30 [1] Bioconductor 3.19 (R 4.4.1)
 uwot                   0.2.3    2025-02-24 [1] CRAN (R 4.4.2)
 vctrs                  0.6.5    2023-12-01 [1] CRAN (R 4.4.1)
 viridisLite            0.4.2    2023-05-02 [1] CRAN (R 4.4.1)
 withr                  3.0.2    2024-10-28 [1] CRAN (R 4.4.1)
 xtable                 1.8-4    2019-04-21 [1] CRAN (R 4.4.1)
 XVector                0.44.0   2024-04-30 [1] Bioconductor 3.19 (R 4.4.1)
 zlibbioc               1.50.0   2024-04-30 [1] Bioconductor 3.19 (R 4.4.1)
 zoo                    1.8-14   2025-04-10 [1] CRAN (R 4.4.2)

 [1] /home/kj/miniforge3/envs/r44/lib/R/library
 * ── Packages attached to the search path.

──────────────────────────────────────────────────────────────────────────────────────────────────────────────────────
Job finished at: Tue 10 Jun 2025 11:31:38 AM EDT
