2026-07-22 08:05:15 - **** Job starts ****
Job id: 42529661

Currently Loaded Modules:
  1) anaconda3/2024.10-1

 

2026-07-22 08:05:16 - **** Cross-species comparability audit + cell-level Agtr1a ****
2026-07-22 08:08:34,644 [INFO] mural cells: 1144  pericytes: 41
2026-07-22 08:08:34,987 [INFO] wrote species_comparability_celltype_by_dataset.tsv
2026-07-22 08:08:34,987 [INFO] datasets supporting a within-dataset pericyte-vs-SMC contrast: 2 of 4
2026-07-22 08:08:34,992 [INFO] wrote species_comparability_state_by_celltype.tsv
2026-07-22 08:08:35,155 [INFO] wrote species_comparability_relenrich_human_algo.tsv
2026-07-22 08:08:46,276 [INFO] layers available: ['lognorm', 'scvi_corrected']
2026-07-22 08:08:46,418 [INFO] wrote species_comparability_agtr1a_by_layer.tsv
2026-07-22 08:08:46,500 [INFO] wrote species_comparability_agtr1a_within_dataset.tsv
2026-07-22 08:08:46,618 [INFO] wrote species_comparability_agtr1a_tests.tsv
2026-07-22 08:08:46,714 [INFO] wrote species_comparability_mural_cells.tsv
2026-07-22 08:08:46,780 [INFO] wrote species_comparability_pericyte_cells.tsv
2026-07-22 08:08:46,868 [INFO] wrote species_comparability_pericyte_by_donor.tsv
2026-07-22 08:08:46,868 [INFO] donors with >=1 Agtr1a+ pericyte: 15 of 18
2026-07-22 08:08:46,871 [INFO] wrote species_comparability_summary.tsv
2026-07-22 08:08:46,957 [INFO] 
--- published (raw magnitude) vs human rule (relative enrichment) ---
                       raw_magnitude_published  relative_enrichment_human_rule
synthetic_contractile                      995                             995
basement_membrane                           89                               5
fibroblast_like                             52                              49
inflammatory                                 8                              94
activated_migratory                          0                               1
2026-07-22 08:08:46,982 [INFO] 
--- headline ---
                                        metric    value
                                 n_mural_cells  1144.00
                                   n_pericytes    41.00
                  pct_mural_that_are_pericytes     3.58
                             n_pericyte_donors    18.00
                           n_pericyte_datasets     2.00
         n_datasets_supporting_pericyte_vs_smc     2.00
pct_mural_in_single_largest_whole_lung_cluster    86.98
              n_human_pericytes_for_comparison 11680.00
-----
numpy               2.1.3
pandas              2.3.2
scanpy              1.11.4
scipy               1.15.3
session_info        v1.0.1
-----
Python 3.10.18 | packaged by conda-forge | (main, Jun  4 2025, 14:45:41) [GCC 13.3.0]
Linux-4.18.0-553.22.1.el8_10.x86_64-x86_64-with-glibc2.28
-----
Session information updated at 2026-07-22 08:08
2026-07-22 08:09:06 - **** Job ends ****
