2026-07-21 22:00:45 - **** Job starts ****
Job id: 42501961

Currently Loaded Modules:
  1) anaconda3/2024.10-1

 

2026-07-21 22:00:46 - **** Batch-robust mouse state assignment + receptors ****
2026-07-21 22:00:56,714 [INFO] cluster vs per-cell state concordance: 0.46
2026-07-21 22:00:57,008 [INFO] mural cells: 1144
-----
numpy               2.1.3
pandas              2.3.2
scanpy              1.11.4
scipy               1.15.3
session_info        v1.0.1
-----
Python 3.10.18 | packaged by conda-forge | (main, Jun  4 2025, 14:45:41) [GCC 13.3.0]
Linux-4.18.0-553.22.1.el8_10.x86_64-x86_64-with-glibc2.28
-----
Session information updated at 2026-07-21 22:00
2026-07-21 22:01:08 - **** Job ends ****
2026-07-21 22:02:03,538 [INFO] cluster vs per-cell state concordance: 0.46
2026-07-21 22:02:03,789 [INFO] mural cells: 1144
-----
numpy               2.1.3
pandas              2.3.2
scanpy              1.11.4
scipy               1.15.3
session_info        v1.0.1
-----
Python 3.10.18 | packaged by conda-forge | (main, Jun  4 2025, 14:45:41) [GCC 13.3.0]
Linux-4.18.0-553.22.1.el8_10.x86_64-x86_64-with-glibc2.28
-----
Session information updated at 2026-07-21 22:02
2026-07-21 22:02:15 - **** Job ends ****
