2026-07-22 08:31:40 - **** Job starts ****
Job id: 42529932
Hostname: r007

Currently Loaded Modules:
  1) anaconda3/2024.10-1

 

2026-07-22 08:31:42 - **** Loading mamba environment ****
2026-07-22 08:31:42 - **** Prepare CoGAPS input (HLCA pericyte subset) ****
2026-07-22 08:34:49,787 [INFO] loaded 11680 pericytes x 55329 genes
2026-07-22 08:34:59,893 [WARNING] panel genes absent from object: ['AGTR2', 'MMP3']
2026-07-22 08:35:00,463 [INFO] matrix: 2038 genes (2000 HVG, +38 forced panel) x 11680 cells
2026-07-22 08:35:01,332 [INFO] wrote genes x cells = 2038 x 11680
-----
numpy               2.1.3
pandas              2.3.2
scanpy              1.11.4
scipy               1.15.3
session_info        v1.0.1
-----
Python 3.10.18 | packaged by conda-forge | (main, Jun  4 2025, 14:45:41) [GCC 13.3.0]
Linux-4.18.0-553.22.1.el8_10.x86_64-x86_64-with-glibc2.28
-----
Session information updated at 2026-07-22 08:35
2026-07-22 08:35:23 - **** Job ends ****
