2026-06-16 19:21:48 - **** Job starts ****
Job id: 41468956
Hostname: r190

Currently Loaded Modules:
  1) anaconda3/2024.10-1

 

2026-06-16 19:22:08 - **** CoGAPS nP=5 seed=1 ****
matrix: 2030 genes x 11680 cells

==== CoGAPS nPatterns=5 (nIter=5000, nSets=8) ====
setting distributed parameters - call this again if you change nPatterns

This is CoGAPS version 3.33.1 
Running single-cell CoGAPS on mat (2030 genes and 11680 samples)
    worker 2 is starting!
    worker 4 is starting!
    worker 3 is starting!
    worker 1 is starting!
    worker 5 is starting!
    worker 6 is starting!
    worker 7 is starting!
    worker 8 is starting!
    worker 4 is finished! Time: 00:04:06
    worker 7 is finished! Time: 00:04:10
    worker 3 is finished! Time: 00:04:18
    worker 1 is finished! Time: 00:04:22
    worker 6 is finished! Time: 00:04:22
    worker 8 is finished! Time: 00:04:24
    worker 2 is finished! Time: 00:04:28
    worker 5 is finished! Time: 00:04:29
    worker 1 is starting!
    worker 2 is starting!
    worker 3 is starting!
    worker 4 is starting!
    worker 6 is starting!
    worker 5 is starting!
    worker 7 is starting!
    worker 8 is starting!
    worker 4 is finished! Time: 00:02:21
    worker 7 is finished! Time: 00:02:24
    worker 3 is finished! Time: 00:02:27
    worker 5 is finished! Time: 00:02:27
    worker 6 is finished! Time: 00:02:28
    worker 1 is finished! Time: 00:02:28
    worker 2 is finished! Time: 00:02:30
    worker 8 is finished! Time: 00:02:30
nP=5 done: meanChiSq=0.0
Warning message:
In checkInputs(data, uncertainty, allParams) :
  running distributed cogaps without mtx/tsv/csv/gct data

---- sessionInfo ----
- Session info ---------------------------------------------------------------
 setting  value
 version  R version 4.4.3 (2025-02-28)
 os       Red Hat Enterprise Linux 8.10 (Ootpa)
 system   x86_64, linux-gnu
 ui       X11
 language (EN)
 collate  C
 ctype    C
 tz       America/New_York
 date     2026-06-16
 pandoc   3.6.4 @ /ocean/projects/bio250020p/shared/opt/env/R_env/bin/pandoc
 quarto   NA

- Packages -------------------------------------------------------------------
 package              * version date (UTC) lib source
 abind                  1.4-8   2024-09-12 [2] CRAN (R 4.4.3)
 Biobase                2.66.0  2024-10-29 [2] Bioconductor 3.20 (R 4.4.3)
 BiocGenerics           0.52.0  2024-10-29 [2] Bioconductor 3.20 (R 4.4.3)
 BiocParallel           1.40.2  2025-07-15 [2] Bioconductor
 bitops                 1.0-9   2024-10-03 [2] CRAN (R 4.4.3)
 caTools                1.18.3  2024-09-04 [2] CRAN (R 4.4.3)
 cli                    3.6.5   2025-04-23 [2] CRAN (R 4.4.3)
 cluster                2.1.8.1 2025-03-12 [2] CRAN (R 4.4.3)
 codetools              0.2-20  2024-03-31 [2] CRAN (R 4.4.1)
 CoGAPS               * 3.33.1  2026-06-16 [1] Github (FertigLab/CoGAPS@3b3e002)
 cowplot                1.2.0   2025-07-07 [2] CRAN (R 4.4.3)
 crayon                 1.5.3   2024-06-20 [2] CRAN (R 4.4.1)
 data.table             1.17.8  2025-07-10 [2] CRAN (R 4.4.3)
 DelayedArray           0.32.0  2024-10-29 [2] Bioconductor 3.20 (R 4.4.3)
 dplyr                  1.1.4   2023-11-17 [2] CRAN (R 4.4.1)
 farver                 2.1.2   2024-05-13 [2] CRAN (R 4.4.1)
 fastmatch              1.1-6   2024-12-23 [2] CRAN (R 4.4.3)
 fgsea                  1.32.4  2025-03-20 [2] Bioconductor 3.20 (R 4.4.3)
 forcats                1.0.1   2025-09-25 [2] CRAN (R 4.4.3)
 generics               0.1.4   2025-05-09 [2] CRAN (R 4.4.3)
 GenomeInfoDb           1.42.3  2025-01-27 [2] Bioconductor 3.20 (R 4.4.3)
 GenomeInfoDbData       1.2.13  2025-03-19 [2] Bioconductor
 GenomicRanges          1.58.0  2024-10-29 [2] Bioconductor 3.20 (R 4.4.3)
 ggplot2                4.0.0   2025-09-11 [2] CRAN (R 4.4.3)
 glue                   1.8.0   2024-09-30 [2] CRAN (R 4.4.1)
 gplots                 3.2.0   2024-10-05 [2] CRAN (R 4.4.3)
 gtable                 0.3.6   2024-10-25 [2] CRAN (R 4.4.1)
 gtools                 3.9.5   2023-11-20 [2] CRAN (R 4.4.3)
 httr                   1.4.7   2023-08-15 [2] CRAN (R 4.4.1)
 IRanges                2.40.1  2024-12-05 [2] Bioconductor 3.20 (R 4.4.3)
 jsonlite               2.0.0   2025-03-27 [2] CRAN (R 4.4.3)
 KernSmooth             2.23-26 2025-01-01 [2] CRAN (R 4.4.2)
 lattice                0.22-7  2025-04-02 [2] CRAN (R 4.4.3)
 lifecycle              1.0.4   2023-11-07 [2] CRAN (R 4.4.1)
 magrittr               2.0.4   2025-09-12 [2] CRAN (R 4.4.3)
 Matrix               * 1.7-4   2025-08-28 [2] CRAN (R 4.4.3)
 MatrixGenerics         1.18.1  2025-01-09 [2] Bioconductor 3.20 (R 4.4.3)
 matrixStats            1.5.0   2025-01-07 [2] CRAN (R 4.4.3)
 pillar                 1.11.1  2025-09-17 [2] CRAN (R 4.4.3)
 pkgconfig              2.0.3   2019-09-22 [2] CRAN (R 4.4.1)
 R6                     2.6.1   2025-02-15 [2] CRAN (R 4.4.2)
 RColorBrewer           1.1-3   2022-04-03 [2] CRAN (R 4.4.1)
 Rcpp                   1.1.0   2025-07-02 [2] CRAN (R 4.4.3)
 rhdf5                  2.50.2  2025-01-09 [2] Bioconductor 3.20 (R 4.4.3)
 rhdf5filters           1.18.1  2025-03-06 [2] Bioconductor 3.20 (R 4.4.3)
 Rhdf5lib               1.28.0  2024-10-29 [2] Bioconductor 3.20 (R 4.4.3)
 rlang                  1.1.6   2025-04-11 [2] CRAN (R 4.4.3)
 S4Arrays               1.6.0   2024-10-29 [2] Bioconductor 3.20 (R 4.4.3)
 S4Vectors              0.44.0  2024-10-29 [2] Bioconductor 3.20 (R 4.4.3)
 S7                     0.2.0   2024-11-07 [2] CRAN (R 4.4.3)
 scales                 1.4.0   2025-04-24 [2] CRAN (R 4.4.3)
 sessioninfo            1.2.3   2025-02-05 [2] CRAN (R 4.4.3)
 SingleCellExperiment   1.28.1  2024-11-10 [2] Bioconductor 3.20 (R 4.4.3)
 SparseArray            1.6.2   2025-02-20 [2] Bioconductor 3.20 (R 4.4.3)
 SummarizedExperiment   1.36.0  2024-10-29 [2] Bioconductor 3.20 (R 4.4.3)
 tibble                 3.3.0   2025-06-08 [2] CRAN (R 4.4.3)
 tidyselect             1.2.1   2024-03-11 [2] CRAN (R 4.4.1)
 UCSC.utils             1.2.0   2024-10-29 [2] Bioconductor 3.20 (R 4.4.3)
 vctrs                  0.6.5   2023-12-01 [2] CRAN (R 4.4.1)
 XVector                0.46.0  2024-10-29 [2] Bioconductor 3.20 (R 4.4.3)
 zlibbioc               1.52.0  2024-10-29 [2] Bioconductor 3.20 (R 4.4.3)

 [1] /ocean/projects/bio260021p/kbenjamin/projects/angiotensinII_lung/.Rlib
 [2] /ocean/projects/bio250020p/shared/opt/env/R_env/lib/R/library
 * -- Packages attached to the search path.

------------------------------------------------------------------------------
2026-06-16 19:30:32 - **** CoGAPS nP=5 seed=42 ****
matrix: 2030 genes x 11680 cells

==== CoGAPS nPatterns=5 (nIter=5000, nSets=8) ====
setting distributed parameters - call this again if you change nPatterns

This is CoGAPS version 3.33.1 
Running single-cell CoGAPS on mat (2030 genes and 11680 samples)
    worker 1 is starting!
    worker 2 is starting!
    worker 3 is starting!
    worker 4 is starting!
    worker 6 is starting!
    worker 5 is starting!
    worker 7 is starting!
    worker 8 is starting!
    worker 4 is finished! Time: 00:04:21
    worker 6 is finished! Time: 00:04:23
    worker 1 is finished! Time: 00:04:24
    worker 2 is finished! Time: 00:04:26
    worker 5 is finished! Time: 00:04:26
    worker 8 is finished! Time: 00:04:28
    worker 3 is finished! Time: 00:04:30
    worker 7 is finished! Time: 00:04:31
    worker 1 is starting!
    worker 2 is starting!
    worker 3 is starting!
    worker 4 is starting!
    worker 5 is starting!
    worker 6 is starting!
    worker 7 is starting!
    worker 8 is starting!
    worker 4 is finished! Time: 00:02:41
    worker 6 is finished! Time: 00:02:41
    worker 2 is finished! Time: 00:02:43
    worker 8 is finished! Time: 00:02:43
    worker 1 is finished! Time: 00:02:43
    worker 7 is finished! Time: 00:02:43
    worker 3 is finished! Time: 00:02:44
    worker 5 is finished! Time: 00:02:44
nP=5 done: meanChiSq=0.0
Warning message:
In checkInputs(data, uncertainty, allParams) :
  running distributed cogaps without mtx/tsv/csv/gct data

---- sessionInfo ----
- Session info ---------------------------------------------------------------
 setting  value
 version  R version 4.4.3 (2025-02-28)
 os       Red Hat Enterprise Linux 8.10 (Ootpa)
 system   x86_64, linux-gnu
 ui       X11
 language (EN)
 collate  C
 ctype    C
 tz       America/New_York
 date     2026-06-16
 pandoc   3.6.4 @ /ocean/projects/bio250020p/shared/opt/env/R_env/bin/pandoc
 quarto   NA

- Packages -------------------------------------------------------------------
 package              * version date (UTC) lib source
 abind                  1.4-8   2024-09-12 [2] CRAN (R 4.4.3)
 Biobase                2.66.0  2024-10-29 [2] Bioconductor 3.20 (R 4.4.3)
 BiocGenerics           0.52.0  2024-10-29 [2] Bioconductor 3.20 (R 4.4.3)
 BiocParallel           1.40.2  2025-07-15 [2] Bioconductor
 bitops                 1.0-9   2024-10-03 [2] CRAN (R 4.4.3)
 caTools                1.18.3  2024-09-04 [2] CRAN (R 4.4.3)
 cli                    3.6.5   2025-04-23 [2] CRAN (R 4.4.3)
 cluster                2.1.8.1 2025-03-12 [2] CRAN (R 4.4.3)
 codetools              0.2-20  2024-03-31 [2] CRAN (R 4.4.1)
 CoGAPS               * 3.33.1  2026-06-16 [1] Github (FertigLab/CoGAPS@3b3e002)
 cowplot                1.2.0   2025-07-07 [2] CRAN (R 4.4.3)
 crayon                 1.5.3   2024-06-20 [2] CRAN (R 4.4.1)
 data.table             1.17.8  2025-07-10 [2] CRAN (R 4.4.3)
 DelayedArray           0.32.0  2024-10-29 [2] Bioconductor 3.20 (R 4.4.3)
 dplyr                  1.1.4   2023-11-17 [2] CRAN (R 4.4.1)
 farver                 2.1.2   2024-05-13 [2] CRAN (R 4.4.1)
 fastmatch              1.1-6   2024-12-23 [2] CRAN (R 4.4.3)
 fgsea                  1.32.4  2025-03-20 [2] Bioconductor 3.20 (R 4.4.3)
 forcats                1.0.1   2025-09-25 [2] CRAN (R 4.4.3)
 generics               0.1.4   2025-05-09 [2] CRAN (R 4.4.3)
 GenomeInfoDb           1.42.3  2025-01-27 [2] Bioconductor 3.20 (R 4.4.3)
 GenomeInfoDbData       1.2.13  2025-03-19 [2] Bioconductor
 GenomicRanges          1.58.0  2024-10-29 [2] Bioconductor 3.20 (R 4.4.3)
 ggplot2                4.0.0   2025-09-11 [2] CRAN (R 4.4.3)
 glue                   1.8.0   2024-09-30 [2] CRAN (R 4.4.1)
 gplots                 3.2.0   2024-10-05 [2] CRAN (R 4.4.3)
 gtable                 0.3.6   2024-10-25 [2] CRAN (R 4.4.1)
 gtools                 3.9.5   2023-11-20 [2] CRAN (R 4.4.3)
 httr                   1.4.7   2023-08-15 [2] CRAN (R 4.4.1)
 IRanges                2.40.1  2024-12-05 [2] Bioconductor 3.20 (R 4.4.3)
 jsonlite               2.0.0   2025-03-27 [2] CRAN (R 4.4.3)
 KernSmooth             2.23-26 2025-01-01 [2] CRAN (R 4.4.2)
 lattice                0.22-7  2025-04-02 [2] CRAN (R 4.4.3)
 lifecycle              1.0.4   2023-11-07 [2] CRAN (R 4.4.1)
 magrittr               2.0.4   2025-09-12 [2] CRAN (R 4.4.3)
 Matrix               * 1.7-4   2025-08-28 [2] CRAN (R 4.4.3)
 MatrixGenerics         1.18.1  2025-01-09 [2] Bioconductor 3.20 (R 4.4.3)
 matrixStats            1.5.0   2025-01-07 [2] CRAN (R 4.4.3)
 pillar                 1.11.1  2025-09-17 [2] CRAN (R 4.4.3)
 pkgconfig              2.0.3   2019-09-22 [2] CRAN (R 4.4.1)
 R6                     2.6.1   2025-02-15 [2] CRAN (R 4.4.2)
 RColorBrewer           1.1-3   2022-04-03 [2] CRAN (R 4.4.1)
 Rcpp                   1.1.0   2025-07-02 [2] CRAN (R 4.4.3)
 rhdf5                  2.50.2  2025-01-09 [2] Bioconductor 3.20 (R 4.4.3)
 rhdf5filters           1.18.1  2025-03-06 [2] Bioconductor 3.20 (R 4.4.3)
 Rhdf5lib               1.28.0  2024-10-29 [2] Bioconductor 3.20 (R 4.4.3)
 rlang                  1.1.6   2025-04-11 [2] CRAN (R 4.4.3)
 S4Arrays               1.6.0   2024-10-29 [2] Bioconductor 3.20 (R 4.4.3)
 S4Vectors              0.44.0  2024-10-29 [2] Bioconductor 3.20 (R 4.4.3)
 S7                     0.2.0   2024-11-07 [2] CRAN (R 4.4.3)
 scales                 1.4.0   2025-04-24 [2] CRAN (R 4.4.3)
 sessioninfo            1.2.3   2025-02-05 [2] CRAN (R 4.4.3)
 SingleCellExperiment   1.28.1  2024-11-10 [2] Bioconductor 3.20 (R 4.4.3)
 SparseArray            1.6.2   2025-02-20 [2] Bioconductor 3.20 (R 4.4.3)
 SummarizedExperiment   1.36.0  2024-10-29 [2] Bioconductor 3.20 (R 4.4.3)
 tibble                 3.3.0   2025-06-08 [2] CRAN (R 4.4.3)
 tidyselect             1.2.1   2024-03-11 [2] CRAN (R 4.4.1)
 UCSC.utils             1.2.0   2024-10-29 [2] Bioconductor 3.20 (R 4.4.3)
 vctrs                  0.6.5   2023-12-01 [2] CRAN (R 4.4.1)
 XVector                0.46.0  2024-10-29 [2] Bioconductor 3.20 (R 4.4.3)
 zlibbioc               1.52.0  2024-10-29 [2] Bioconductor 3.20 (R 4.4.3)

 [1] /ocean/projects/bio260021p/kbenjamin/projects/angiotensinII_lung/.Rlib
 [2] /ocean/projects/bio250020p/shared/opt/env/R_env/lib/R/library
 * -- Packages attached to the search path.

------------------------------------------------------------------------------
2026-06-16 19:38:08 - **** CoGAPS nP=5 seed=2024 ****
matrix: 2030 genes x 11680 cells

==== CoGAPS nPatterns=5 (nIter=5000, nSets=8) ====
setting distributed parameters - call this again if you change nPatterns

This is CoGAPS version 3.33.1 
Running single-cell CoGAPS on mat (2030 genes and 11680 samples)
    worker 1 is starting!
    worker 2 is starting!
    worker 3 is starting!
    worker 4 is starting!
    worker 5 is starting!
    worker 6 is starting!
    worker 7 is starting!
    worker 8 is starting!
    worker 8 is finished! Time: 00:04:20
    worker 6 is finished! Time: 00:04:21
    worker 4 is finished! Time: 00:04:22
    worker 7 is finished! Time: 00:04:23
    worker 1 is finished! Time: 00:04:24
    worker 2 is finished! Time: 00:04:25
    worker 5 is finished! Time: 00:04:25
    worker 3 is finished! Time: 00:04:41
    worker 1 is starting!
    worker 2 is starting!
    worker 3 is starting!
    worker 4 is starting!
    worker 5 is starting!
    worker 6 is starting!
    worker 7 is starting!
    worker 8 is starting!
    worker 7 is finished! Time: 00:02:21
    worker 1 is finished! Time: 00:02:22
    worker 4 is finished! Time: 00:02:22
    worker 5 is finished! Time: 00:02:25
    worker 8 is finished! Time: 00:02:25
    worker 6 is finished! Time: 00:02:25
    worker 2 is finished! Time: 00:02:26
    worker 3 is finished! Time: 00:02:31
nP=5 done: meanChiSq=0.0
Warning message:
In checkInputs(data, uncertainty, allParams) :
  running distributed cogaps without mtx/tsv/csv/gct data

---- sessionInfo ----
- Session info ---------------------------------------------------------------
 setting  value
 version  R version 4.4.3 (2025-02-28)
 os       Red Hat Enterprise Linux 8.10 (Ootpa)
 system   x86_64, linux-gnu
 ui       X11
 language (EN)
 collate  C
 ctype    C
 tz       America/New_York
 date     2026-06-16
 pandoc   3.6.4 @ /ocean/projects/bio250020p/shared/opt/env/R_env/bin/pandoc
 quarto   NA

- Packages -------------------------------------------------------------------
 package              * version date (UTC) lib source
 abind                  1.4-8   2024-09-12 [2] CRAN (R 4.4.3)
 Biobase                2.66.0  2024-10-29 [2] Bioconductor 3.20 (R 4.4.3)
 BiocGenerics           0.52.0  2024-10-29 [2] Bioconductor 3.20 (R 4.4.3)
 BiocParallel           1.40.2  2025-07-15 [2] Bioconductor
 bitops                 1.0-9   2024-10-03 [2] CRAN (R 4.4.3)
 caTools                1.18.3  2024-09-04 [2] CRAN (R 4.4.3)
 cli                    3.6.5   2025-04-23 [2] CRAN (R 4.4.3)
 cluster                2.1.8.1 2025-03-12 [2] CRAN (R 4.4.3)
 codetools              0.2-20  2024-03-31 [2] CRAN (R 4.4.1)
 CoGAPS               * 3.33.1  2026-06-16 [1] Github (FertigLab/CoGAPS@3b3e002)
 cowplot                1.2.0   2025-07-07 [2] CRAN (R 4.4.3)
 crayon                 1.5.3   2024-06-20 [2] CRAN (R 4.4.1)
 data.table             1.17.8  2025-07-10 [2] CRAN (R 4.4.3)
 DelayedArray           0.32.0  2024-10-29 [2] Bioconductor 3.20 (R 4.4.3)
 dplyr                  1.1.4   2023-11-17 [2] CRAN (R 4.4.1)
 farver                 2.1.2   2024-05-13 [2] CRAN (R 4.4.1)
 fastmatch              1.1-6   2024-12-23 [2] CRAN (R 4.4.3)
 fgsea                  1.32.4  2025-03-20 [2] Bioconductor 3.20 (R 4.4.3)
 forcats                1.0.1   2025-09-25 [2] CRAN (R 4.4.3)
 generics               0.1.4   2025-05-09 [2] CRAN (R 4.4.3)
 GenomeInfoDb           1.42.3  2025-01-27 [2] Bioconductor 3.20 (R 4.4.3)
 GenomeInfoDbData       1.2.13  2025-03-19 [2] Bioconductor
 GenomicRanges          1.58.0  2024-10-29 [2] Bioconductor 3.20 (R 4.4.3)
 ggplot2                4.0.0   2025-09-11 [2] CRAN (R 4.4.3)
 glue                   1.8.0   2024-09-30 [2] CRAN (R 4.4.1)
 gplots                 3.2.0   2024-10-05 [2] CRAN (R 4.4.3)
 gtable                 0.3.6   2024-10-25 [2] CRAN (R 4.4.1)
 gtools                 3.9.5   2023-11-20 [2] CRAN (R 4.4.3)
 httr                   1.4.7   2023-08-15 [2] CRAN (R 4.4.1)
 IRanges                2.40.1  2024-12-05 [2] Bioconductor 3.20 (R 4.4.3)
 jsonlite               2.0.0   2025-03-27 [2] CRAN (R 4.4.3)
 KernSmooth             2.23-26 2025-01-01 [2] CRAN (R 4.4.2)
 lattice                0.22-7  2025-04-02 [2] CRAN (R 4.4.3)
 lifecycle              1.0.4   2023-11-07 [2] CRAN (R 4.4.1)
 magrittr               2.0.4   2025-09-12 [2] CRAN (R 4.4.3)
 Matrix               * 1.7-4   2025-08-28 [2] CRAN (R 4.4.3)
 MatrixGenerics         1.18.1  2025-01-09 [2] Bioconductor 3.20 (R 4.4.3)
 matrixStats            1.5.0   2025-01-07 [2] CRAN (R 4.4.3)
 pillar                 1.11.1  2025-09-17 [2] CRAN (R 4.4.3)
 pkgconfig              2.0.3   2019-09-22 [2] CRAN (R 4.4.1)
 R6                     2.6.1   2025-02-15 [2] CRAN (R 4.4.2)
 RColorBrewer           1.1-3   2022-04-03 [2] CRAN (R 4.4.1)
 Rcpp                   1.1.0   2025-07-02 [2] CRAN (R 4.4.3)
 rhdf5                  2.50.2  2025-01-09 [2] Bioconductor 3.20 (R 4.4.3)
 rhdf5filters           1.18.1  2025-03-06 [2] Bioconductor 3.20 (R 4.4.3)
 Rhdf5lib               1.28.0  2024-10-29 [2] Bioconductor 3.20 (R 4.4.3)
 rlang                  1.1.6   2025-04-11 [2] CRAN (R 4.4.3)
 S4Arrays               1.6.0   2024-10-29 [2] Bioconductor 3.20 (R 4.4.3)
 S4Vectors              0.44.0  2024-10-29 [2] Bioconductor 3.20 (R 4.4.3)
 S7                     0.2.0   2024-11-07 [2] CRAN (R 4.4.3)
 scales                 1.4.0   2025-04-24 [2] CRAN (R 4.4.3)
 sessioninfo            1.2.3   2025-02-05 [2] CRAN (R 4.4.3)
 SingleCellExperiment   1.28.1  2024-11-10 [2] Bioconductor 3.20 (R 4.4.3)
 SparseArray            1.6.2   2025-02-20 [2] Bioconductor 3.20 (R 4.4.3)
 SummarizedExperiment   1.36.0  2024-10-29 [2] Bioconductor 3.20 (R 4.4.3)
 tibble                 3.3.0   2025-06-08 [2] CRAN (R 4.4.3)
 tidyselect             1.2.1   2024-03-11 [2] CRAN (R 4.4.1)
 UCSC.utils             1.2.0   2024-10-29 [2] Bioconductor 3.20 (R 4.4.3)
 vctrs                  0.6.5   2023-12-01 [2] CRAN (R 4.4.1)
 XVector                0.46.0  2024-10-29 [2] Bioconductor 3.20 (R 4.4.3)
 zlibbioc               1.52.0  2024-10-29 [2] Bioconductor 3.20 (R 4.4.3)

 [1] /ocean/projects/bio260021p/kbenjamin/projects/angiotensinII_lung/.Rlib
 [2] /ocean/projects/bio250020p/shared/opt/env/R_env/lib/R/library
 * -- Packages attached to the search path.

------------------------------------------------------------------------------
2026-06-16 19:45:41 - **** CoGAPS stability summary ****

== Seed stability (nP=5), matched |Pearson r| ==
   ref_pattern n_seeds    mean_r     min_r
        <char>   <int>     <num>     <num>
1:   Pattern_1       3 0.9854375 0.9663437
2:   Pattern_2       3 0.9936779 0.9816951
3:   Pattern_3       3 0.9963367 0.9952604
4:   Pattern_4       3 0.9893043 0.9814328
5:   Pattern_5       3 0.3006212 0.3006212
Overall mean matched r across patterns x seeds: 0.938
Warning messages:
1: Removed 2 rows containing non-finite outside the scale range
(`stat_summary()`). 
2: Removed 2 rows containing missing values or values outside the scale range
(`geom_point()`). 
3: Removed 2 rows containing non-finite outside the scale range
(`stat_summary()`). 
4: Removed 2 rows containing missing values or values outside the scale range
(`geom_point()`). 

== nP correspondence (ref nP=5), matched |Pearson r| ==
    ref_pattern target_np match_pattern     r
         <char>     <int>        <char> <num>
 1:   Pattern_1         7     Pattern_5 0.902
 2:   Pattern_2         7     Pattern_3 0.951
 3:   Pattern_3         7     Pattern_2 0.966
 4:   Pattern_4         7     Pattern_1 0.962
 5:   Pattern_5         7     Pattern_4 0.964
 6:   Pattern_1         9     Pattern_5 0.827
 7:   Pattern_2         9     Pattern_9 0.952
 8:   Pattern_3         9     Pattern_7 0.885
 9:   Pattern_4         9     Pattern_8 0.892
10:   Pattern_5         9     Pattern_3 0.846

---- sessionInfo ----
- Session info ---------------------------------------------------------------
 setting  value
 version  R version 4.4.3 (2025-02-28)
 os       Red Hat Enterprise Linux 8.10 (Ootpa)
 system   x86_64, linux-gnu
 ui       X11
 language (EN)
 collate  C
 ctype    C
 tz       America/New_York
 date     2026-06-16
 pandoc   3.6.4 @ /ocean/projects/bio250020p/shared/opt/env/R_env/bin/pandoc
 quarto   NA

- Packages -------------------------------------------------------------------
 package      * version date (UTC) lib source
 cli            3.6.5   2025-04-23 [2] CRAN (R 4.4.3)
 data.table   * 1.17.8  2025-07-10 [2] CRAN (R 4.4.3)
 dplyr          1.1.4   2023-11-17 [2] CRAN (R 4.4.1)
 farver         2.1.2   2024-05-13 [2] CRAN (R 4.4.1)
 generics       0.1.4   2025-05-09 [2] CRAN (R 4.4.3)
 ggplot2      * 4.0.0   2025-09-11 [2] CRAN (R 4.4.3)
 glue           1.8.0   2024-09-30 [2] CRAN (R 4.4.1)
 gtable         0.3.6   2024-10-25 [2] CRAN (R 4.4.1)
 labeling       0.4.3   2023-08-29 [2] CRAN (R 4.4.1)
 lifecycle      1.0.4   2023-11-07 [2] CRAN (R 4.4.1)
 magrittr       2.0.4   2025-09-12 [2] CRAN (R 4.4.3)
 pillar         1.11.1  2025-09-17 [2] CRAN (R 4.4.3)
 pkgconfig      2.0.3   2019-09-22 [2] CRAN (R 4.4.1)
 R.methodsS3    1.8.2   2022-06-13 [2] CRAN (R 4.4.3)
 R.oo           1.27.1  2025-05-02 [2] CRAN (R 4.4.3)
 R.utils        2.13.0  2025-02-24 [2] CRAN (R 4.4.3)
 R6             2.6.1   2025-02-15 [2] CRAN (R 4.4.2)
 ragg           1.5.0   2025-09-02 [2] CRAN (R 4.4.3)
 RColorBrewer   1.1-3   2022-04-03 [2] CRAN (R 4.4.1)
 rlang          1.1.6   2025-04-11 [2] CRAN (R 4.4.3)
 S7             0.2.0   2024-11-07 [2] CRAN (R 4.4.3)
 scales         1.4.0   2025-04-24 [2] CRAN (R 4.4.3)
 sessioninfo    1.2.3   2025-02-05 [2] CRAN (R 4.4.3)
 systemfonts    1.3.1   2025-10-01 [2] CRAN (R 4.4.3)
 textshaping    1.0.4   2025-10-10 [2] CRAN (R 4.4.3)
 tibble         3.3.0   2025-06-08 [2] CRAN (R 4.4.3)
 tidyselect     1.2.1   2024-03-11 [2] CRAN (R 4.4.1)
 vctrs          0.6.5   2023-12-01 [2] CRAN (R 4.4.1)
 viridisLite    0.4.2   2023-05-02 [2] CRAN (R 4.4.1)
 withr          3.0.2   2024-10-28 [2] CRAN (R 4.4.1)

 [1] /ocean/projects/bio260021p/kbenjamin/projects/angiotensinII_lung/.Rlib
 [2] /ocean/projects/bio250020p/shared/opt/env/R_env/lib/R/library
 * -- Packages attached to the search path.

------------------------------------------------------------------------------
2026-06-16 19:45:50 - **** Job ends ****
