2026-07-22 08:37:00 - **** Job starts ****
Job id: 42529933
Hostname: r013

Currently Loaded Modules:
  1) anaconda3/2024.10-1

 

2026-07-22 08:37:01 - **** Loading mamba environment ****
2026-07-22 08:37:09 - **** CoGAPS pattern sweep (nPatterns 5,7,9) ****
matrix: 2038 genes x 11680 cells

==== CoGAPS nPatterns=5 (nIter=5000, nSets=8) ====
setting distributed parameters - call this again if you change nPatterns

This is CoGAPS version 3.33.1 
Running single-cell CoGAPS on mat (2038 genes and 11680 samples)
    worker 1 is starting!
    worker 2 is starting!
    worker 3 is starting!
    worker 4 is starting!
    worker 7 is starting!
    worker 5 is starting!
    worker 6 is starting!
    worker 8 is starting!
    worker 4 is finished! Time: 00:04:52
    worker 8 is finished! Time: 00:04:55
    worker 2 is finished! Time: 00:04:57
    worker 3 is finished! Time: 00:04:58
    worker 6 is finished! Time: 00:05:02
    worker 5 is finished! Time: 00:05:03
    worker 7 is finished! Time: 00:05:04
    worker 1 is finished! Time: 00:05:05
    worker 1 is starting!
    worker 2 is starting!
    worker 3 is starting!
    worker 4 is starting!
    worker 6 is starting!
    worker 5 is starting!
    worker 7 is starting!
    worker 8 is starting!
    worker 4 is finished! Time: 00:03:02
    worker 2 is finished! Time: 00:03:05
    worker 8 is finished! Time: 00:03:06
    worker 3 is finished! Time: 00:03:07
    worker 6 is finished! Time: 00:03:09
    worker 7 is finished! Time: 00:03:10
    worker 5 is finished! Time: 00:03:10
    worker 1 is finished! Time: 00:03:10
nP=5 done: meanChiSq=0.0

==== CoGAPS nPatterns=7 (nIter=5000, nSets=8) ====
setting distributed parameters - call this again if you change nPatterns

This is CoGAPS version 3.33.1 
Running single-cell CoGAPS on mat (2038 genes and 11680 samples)
    worker 2 is starting!
    worker 1 is starting!
    worker 3 is starting!
    worker 4 is starting!
    worker 6 is starting!
    worker 5 is starting!
    worker 7 is starting!
    worker 8 is starting!
    worker 4 is finished! Time: 00:05:47
    worker 2 is finished! Time: 00:05:54
    worker 8 is finished! Time: 00:05:56
    worker 3 is finished! Time: 00:05:57
    worker 5 is finished! Time: 00:06:01
    worker 6 is finished! Time: 00:06:04
    worker 1 is finished! Time: 00:06:04
    worker 7 is finished! Time: 00:06:06
    worker 2 is starting!
    worker 1 is starting!
    worker 3 is starting!
    worker 4 is starting!
    worker 5 is starting!
    worker 6 is starting!
    worker 7 is starting!
    worker 8 is starting!
    worker 4 is finished! Time: 00:04:04
    worker 2 is finished! Time: 00:04:09
    worker 8 is finished! Time: 00:04:09
    worker 3 is finished! Time: 00:04:11
    worker 6 is finished! Time: 00:04:12
    worker 5 is finished! Time: 00:04:13
    worker 7 is finished! Time: 00:04:15
    worker 1 is finished! Time: 00:04:16
nP=7 done: meanChiSq=0.0

==== CoGAPS nPatterns=9 (nIter=5000, nSets=8) ====
setting distributed parameters - call this again if you change nPatterns

This is CoGAPS version 3.33.1 
Running single-cell CoGAPS on mat (2038 genes and 11680 samples)
    worker 2 is starting!
    worker 7 is starting!
    worker 5 is starting!
    worker 4 is starting!
    worker 3 is starting!
    worker 6 is starting!
    worker 1 is starting!
    worker 8 is starting!
    worker 4 is finished! Time: 00:06:50
    worker 2 is finished! Time: 00:06:53
    worker 8 is finished! Time: 00:06:55
    worker 3 is finished! Time: 00:06:59
    worker 1 is finished! Time: 00:07:01
    worker 5 is finished! Time: 00:07:07
    worker 6 is finished! Time: 00:07:09
    worker 7 is finished! Time: 00:07:12
    worker 6 is starting!
    worker 2 is starting!
    worker 3 is starting!
    worker 1 is starting!
    worker 5 is starting!
    worker 4 is starting!
    worker 7 is starting!
    worker 8 is starting!
    worker 4 is finished! Time: 00:04:47
    worker 2 is finished! Time: 00:04:49
    worker 8 is finished! Time: 00:04:50
    worker 3 is finished! Time: 00:04:53
    worker 6 is finished! Time: 00:04:53
    worker 5 is finished! Time: 00:04:57
    worker 1 is finished! Time: 00:05:00
    worker 7 is finished! Time: 00:05:01
nP=9 done: meanChiSq=0.0
Warning messages:
1: In checkInputs(data, uncertainty, allParams) :
  running distributed cogaps without mtx/tsv/csv/gct data
2: In checkInputs(data, uncertainty, allParams) :
  running distributed cogaps without mtx/tsv/csv/gct data
3: In checkInputs(data, uncertainty, allParams) :
  running distributed cogaps without mtx/tsv/csv/gct data

---- sessionInfo ----
- Session info ---------------------------------------------------------------
 setting  value
 version  R version 4.4.3 (2025-02-28)
 os       Red Hat Enterprise Linux 8.10 (Ootpa)
 system   x86_64, linux-gnu
 ui       X11
 language (EN)
 collate  C
 ctype    C
 tz       America/New_York
 date     2026-07-22
 pandoc   3.6.4 @ /ocean/projects/bio250020p/shared/opt/env/R_env/bin/pandoc
 quarto   NA

- Packages -------------------------------------------------------------------
 package              * version date (UTC) lib source
 abind                  1.4-8   2024-09-12 [2] CRAN (R 4.4.3)
 Biobase                2.66.0  2024-10-29 [2] Bioconductor 3.20 (R 4.4.3)
 BiocGenerics           0.52.0  2024-10-29 [2] Bioconductor 3.20 (R 4.4.3)
 BiocParallel           1.40.2  2025-07-15 [2] Bioconductor
 bitops                 1.0-9   2024-10-03 [2] CRAN (R 4.4.3)
 caTools                1.18.3  2024-09-04 [2] CRAN (R 4.4.3)
 cli                    3.6.5   2025-04-23 [2] CRAN (R 4.4.3)
 cluster                2.1.8.1 2025-03-12 [2] CRAN (R 4.4.3)
 codetools              0.2-20  2024-03-31 [2] CRAN (R 4.4.1)
 CoGAPS               * 3.33.1  2026-06-16 [1] Github (FertigLab/CoGAPS@3b3e002)
 cowplot                1.2.0   2025-07-07 [2] CRAN (R 4.4.3)
 crayon                 1.5.3   2024-06-20 [2] CRAN (R 4.4.1)
 data.table             1.17.8  2025-07-10 [2] CRAN (R 4.4.3)
 DelayedArray           0.32.0  2024-10-29 [2] Bioconductor 3.20 (R 4.4.3)
 dplyr                  1.1.4   2023-11-17 [2] CRAN (R 4.4.1)
 farver                 2.1.2   2024-05-13 [2] CRAN (R 4.4.1)
 fastmatch              1.1-6   2024-12-23 [2] CRAN (R 4.4.3)
 fgsea                  1.32.4  2025-03-20 [2] Bioconductor 3.20 (R 4.4.3)
 forcats                1.0.1   2025-09-25 [2] CRAN (R 4.4.3)
 generics               0.1.4   2025-05-09 [2] CRAN (R 4.4.3)
 GenomeInfoDb           1.42.3  2025-01-27 [2] Bioconductor 3.20 (R 4.4.3)
 GenomeInfoDbData       1.2.13  2025-03-19 [2] Bioconductor
 GenomicRanges          1.58.0  2024-10-29 [2] Bioconductor 3.20 (R 4.4.3)
 ggplot2                4.0.0   2025-09-11 [2] CRAN (R 4.4.3)
 glue                   1.8.0   2024-09-30 [2] CRAN (R 4.4.1)
 gplots                 3.2.0   2024-10-05 [2] CRAN (R 4.4.3)
 gtable                 0.3.6   2024-10-25 [2] CRAN (R 4.4.1)
 gtools                 3.9.5   2023-11-20 [2] CRAN (R 4.4.3)
 httr                   1.4.7   2023-08-15 [2] CRAN (R 4.4.1)
 IRanges                2.40.1  2024-12-05 [2] Bioconductor 3.20 (R 4.4.3)
 jsonlite               2.0.0   2025-03-27 [2] CRAN (R 4.4.3)
 KernSmooth             2.23-26 2025-01-01 [2] CRAN (R 4.4.2)
 lattice                0.22-7  2025-04-02 [2] CRAN (R 4.4.3)
 lifecycle              1.0.4   2023-11-07 [2] CRAN (R 4.4.1)
 magrittr               2.0.4   2025-09-12 [2] CRAN (R 4.4.3)
 Matrix               * 1.7-4   2025-08-28 [2] CRAN (R 4.4.3)
 MatrixGenerics         1.18.1  2025-01-09 [2] Bioconductor 3.20 (R 4.4.3)
 matrixStats            1.5.0   2025-01-07 [2] CRAN (R 4.4.3)
 pillar                 1.11.1  2025-09-17 [2] CRAN (R 4.4.3)
 pkgconfig              2.0.3   2019-09-22 [2] CRAN (R 4.4.1)
 R6                     2.6.1   2025-02-15 [2] CRAN (R 4.4.2)
 RColorBrewer           1.1-3   2022-04-03 [2] CRAN (R 4.4.1)
 Rcpp                   1.1.0   2025-07-02 [2] CRAN (R 4.4.3)
 rhdf5                  2.50.2  2025-01-09 [2] Bioconductor 3.20 (R 4.4.3)
 rhdf5filters           1.18.1  2025-03-06 [2] Bioconductor 3.20 (R 4.4.3)
 Rhdf5lib               1.28.0  2024-10-29 [2] Bioconductor 3.20 (R 4.4.3)
 rlang                  1.1.6   2025-04-11 [2] CRAN (R 4.4.3)
 S4Arrays               1.6.0   2024-10-29 [2] Bioconductor 3.20 (R 4.4.3)
 S4Vectors              0.44.0  2024-10-29 [2] Bioconductor 3.20 (R 4.4.3)
 S7                     0.2.0   2024-11-07 [2] CRAN (R 4.4.3)
 scales                 1.4.0   2025-04-24 [2] CRAN (R 4.4.3)
 sessioninfo            1.2.3   2025-02-05 [2] CRAN (R 4.4.3)
 SingleCellExperiment   1.28.1  2024-11-10 [2] Bioconductor 3.20 (R 4.4.3)
 SparseArray            1.6.2   2025-02-20 [2] Bioconductor 3.20 (R 4.4.3)
 SummarizedExperiment   1.36.0  2024-10-29 [2] Bioconductor 3.20 (R 4.4.3)
 tibble                 3.3.0   2025-06-08 [2] CRAN (R 4.4.3)
 tidyselect             1.2.1   2024-03-11 [2] CRAN (R 4.4.1)
 UCSC.utils             1.2.0   2024-10-29 [2] Bioconductor 3.20 (R 4.4.3)
 vctrs                  0.6.5   2023-12-01 [2] CRAN (R 4.4.1)
 XVector                0.46.0  2024-10-29 [2] Bioconductor 3.20 (R 4.4.3)
 zlibbioc               1.52.0  2024-10-29 [2] Bioconductor 3.20 (R 4.4.3)

 [1] /ocean/projects/bio260021p/kbenjamin/projects/angiotensinII_lung/.Rlib
 [2] /ocean/projects/bio250020p/shared/opt/env/R_env/lib/R/library
 * -- Packages attached to the search path.

------------------------------------------------------------------------------
2026-07-22 09:09:22 - **** Job ends ****
