2026-07-23 07:54:20 - **** Job starts ****
Job id: 42554362
Hostname: r001

Currently Loaded Modules:
  1) anaconda3/2024.10-1

 

2026-07-23 07:54:22 - **** CoGAPS de-novo rank selection ****
           used  (Mb) gc trigger   (Mb)  max used  (Mb)
Ncells  2050853 109.6    3839814  205.1   2959745 158.1
Vcells 51413352 392.3  145077376 1106.9 128926003 983.7

== De-novo nP selection ==
Key: <np>
      np mean_r min_r frac_unexplained n_seeds
   <int>  <num> <num>            <num>   <int>
1:     4  0.999 0.997           0.7268       3
2:     5  0.928 0.700           0.7201       3
3:     6  0.924 0.577           0.7077       3
4:     7  0.984 0.951           0.7084       3
5:     8  0.992 0.978           0.7005       3
6:     9  0.987 0.952           0.6972       3
7:    10  0.921 0.405           0.6939       3

Recommended nP = 9 (largest nP with min_r >= 0.80).
Cross-check against the reconstruction-error elbow and 03.cogaps_validate.R overlap.

---- sessionInfo ----
- Session info ---------------------------------------------------------------
 setting  value
 version  R version 4.4.3 (2025-02-28)
 os       Red Hat Enterprise Linux 8.10 (Ootpa)
 system   x86_64, linux-gnu
 ui       X11
 language (EN)
 collate  C
 ctype    C
 tz       America/New_York
 date     2026-07-23
 pandoc   3.6.4 @ /ocean/projects/bio250020p/shared/opt/env/R_env/bin/pandoc
 quarto   NA

- Packages -------------------------------------------------------------------
 package      * version date (UTC) lib source
 cli            3.6.5   2025-04-23 [2] CRAN (R 4.4.3)
 data.table   * 1.17.8  2025-07-10 [2] CRAN (R 4.4.3)
 dplyr          1.1.4   2023-11-17 [2] CRAN (R 4.4.1)
 farver         2.1.2   2024-05-13 [2] CRAN (R 4.4.1)
 generics       0.1.4   2025-05-09 [2] CRAN (R 4.4.3)
 ggplot2      * 4.0.0   2025-09-11 [2] CRAN (R 4.4.3)
 glue           1.8.0   2024-09-30 [2] CRAN (R 4.4.1)
 gtable         0.3.6   2024-10-25 [2] CRAN (R 4.4.1)
 labeling       0.4.3   2023-08-29 [2] CRAN (R 4.4.1)
 lattice        0.22-7  2025-04-02 [2] CRAN (R 4.4.3)
 lifecycle      1.0.4   2023-11-07 [2] CRAN (R 4.4.1)
 magrittr       2.0.4   2025-09-12 [2] CRAN (R 4.4.3)
 Matrix       * 1.7-4   2025-08-28 [2] CRAN (R 4.4.3)
 patchwork    * 1.3.2   2025-08-25 [2] CRAN (R 4.4.3)
 pillar         1.11.1  2025-09-17 [2] CRAN (R 4.4.3)
 pkgconfig      2.0.3   2019-09-22 [2] CRAN (R 4.4.1)
 R.methodsS3    1.8.2   2022-06-13 [2] CRAN (R 4.4.3)
 R.oo           1.27.1  2025-05-02 [2] CRAN (R 4.4.3)
 R.utils        2.13.0  2025-02-24 [2] CRAN (R 4.4.3)
 R6             2.6.1   2025-02-15 [2] CRAN (R 4.4.2)
 ragg           1.5.0   2025-09-02 [2] CRAN (R 4.4.3)
 RColorBrewer   1.1-3   2022-04-03 [2] CRAN (R 4.4.1)
 rlang          1.1.6   2025-04-11 [2] CRAN (R 4.4.3)
 S7             0.2.0   2024-11-07 [2] CRAN (R 4.4.3)
 scales         1.4.0   2025-04-24 [2] CRAN (R 4.4.3)
 sessioninfo    1.2.3   2025-02-05 [2] CRAN (R 4.4.3)
 systemfonts    1.3.1   2025-10-01 [2] CRAN (R 4.4.3)
 textshaping    1.0.4   2025-10-10 [2] CRAN (R 4.4.3)
 tibble         3.3.0   2025-06-08 [2] CRAN (R 4.4.3)
 tidyselect     1.2.1   2024-03-11 [2] CRAN (R 4.4.1)
 vctrs          0.6.5   2023-12-01 [2] CRAN (R 4.4.1)
 withr          3.0.2   2024-10-28 [2] CRAN (R 4.4.1)

 [1] /ocean/projects/bio260021p/kbenjamin/projects/angiotensinII_lung/.Rlib
 [2] /ocean/projects/bio250020p/shared/opt/env/R_env/lib/R/library
 * -- Packages attached to the search path.

------------------------------------------------------------------------------
2026-07-23 07:54:31 - **** Job ends ****
