2026-07-22 19:53:39 - **** Job starts ****
Job id: 42547744 (array task 1)
Hostname: r203

Currently Loaded Modules:
  1) anaconda3/2024.10-1

 

2026-07-22 19:53:40 - **** Loading mamba environment ****
2026-07-22 19:53:53 - **** CoGAPS sweep nPatterns=4,5,6,7,8,9,10, seed=1, tag='_seed1' ****
matrix: 2038 genes x 11680 cells

==== CoGAPS nPatterns=4 (nIter=5000, nSets=8) ====
setting distributed parameters - call this again if you change nPatterns

This is CoGAPS version 3.33.1 
Running single-cell CoGAPS on mat (2038 genes and 11680 samples)
    worker 1 is starting!
    worker 2 is starting!
    worker 3 is starting!
    worker 6 is starting!
    worker 4 is starting!
    worker 5 is starting!
    worker 7 is starting!
    worker 8 is starting!
    worker 4 is finished! Time: 00:04:20
    worker 7 is finished! Time: 00:04:24
    worker 3 is finished! Time: 00:04:30
    worker 5 is finished! Time: 00:04:30
    worker 2 is finished! Time: 00:04:32
    worker 6 is finished! Time: 00:04:32
    worker 8 is finished! Time: 00:04:33
    worker 1 is finished! Time: 00:04:34
    worker 1 is starting!
    worker 2 is starting!
    worker 3 is starting!
    worker 4 is starting!
    worker 5 is starting!
    worker 6 is starting!
    worker 7 is starting!
    worker 8 is starting!
